Сборка начата 09.03.2014 23:19:55.
     1>Проект "C:\Users\Администратор\documents\visual studio 2013\Projects\lab 2\lab 2\lab 2.vcxproj" в узле 2 (целевые объекты Build).
     1>ClCompile:
         D:\Program Files (x86)\Visual Studio 2013\VC\bin\CL.exe /c /ZI /nologo /W3 /WX- /sdl /Od /Oy- /D WIN32 /D _DEBUG /D _CONSOLE /D _LIB /D _UNICODE /D UNICODE /Gm /EHsc /RTC1 /MDd /GS /fp:precise /Zc:wchar_t /Zc:forScope /Yu"stdafx.h" /Fp"Debug\lab 2.pch" /Fo"Debug\\" /Fd"Debug\vc120.pdb" /Gd /TP /analyze- /errorReport:prompt "lab 2.cpp"
         lab 2.cpp
     1>c:\users\администратор\documents\visual studio 2013\projects\lab 2\lab 2\lab 2.cpp(50): warning C4554: &: проверьте порядок применения операторов на наличие ошибки; для четкого задания порядка используйте скобки
     1>c:\users\администратор\documents\visual studio 2013\projects\lab 2\lab 2\lab 2.cpp(15): warning C4101: x2: неиспользованная локальная переменная
     1>c:\users\администратор\documents\visual studio 2013\projects\lab 2\lab 2\lab 2.cpp(15): warning C4101: z3: неиспользованная локальная переменная
     1>c:\users\администратор\documents\visual studio 2013\projects\lab 2\lab 2\lab 2.cpp(15): warning C4101: z2: неиспользованная локальная переменная
     1>c:\users\администратор\documents\visual studio 2013\projects\lab 2\lab 2\lab 2.cpp(15): warning C4101: R: неиспользованная локальная переменная
     1>c:\users\администратор\documents\visual studio 2013\projects\lab 2\lab 2\lab 2.cpp(15): warning C4101: x4: неиспользованная локальная переменная
     1>c:\users\администратор\documents\visual studio 2013\projects\lab 2\lab 2\lab 2.cpp(15): warning C4101: x1: неиспользованная локальная переменная
     1>c:\users\администратор\documents\visual studio 2013\projects\lab 2\lab 2\lab 2.cpp(15): warning C4101: z4: неиспользованная локальная переменная
     1>c:\users\администратор\documents\visual studio 2013\projects\lab 2\lab 2\lab 2.cpp(15): warning C4101: z1: неиспользованная локальная переменная
     1>c:\users\администратор\documents\visual studio 2013\projects\lab 2\lab 2\lab 2.cpp(15): warning C4101: x3: неиспользованная локальная переменная
       Link:
         D:\Program Files (x86)\Visual Studio 2013\VC\bin\link.exe /ERRORREPORT:PROMPT /OUT:"C:\Users\Администратор\documents\visual studio 2013\Projects\lab 2\Debug\lab 2.exe" /INCREMENTAL /NOLOGO kernel32.lib user32.lib gdi32.lib winspool.lib comdlg32.lib advapi32.lib shell32.lib ole32.lib oleaut32.lib uuid.lib odbc32.lib odbccp32.lib /MANIFEST /MANIFESTUAC:"level='asInvoker' uiAccess='false'" /manifest:embed /DEBUG /PDB:"C:\Users\Администратор\documents\visual studio 2013\Projects\lab 2\Debug\lab 2.pdb" /SUBSYSTEM:CONSOLE /TLBID:1 /DYNAMICBASE /NXCOMPAT /IMPLIB:"C:\Users\Администратор\documents\visual studio 2013\Projects\lab 2\Debug\lab 2.lib" /MACHINE:X86 "Debug\lab 2.obj"
         Debug\stdafx.obj
     1>LINK : fatal error LNK1168: не удается открыть C:\Users\Администратор\documents\visual studio 2013\Projects\lab 2\Debug\lab 2.exe для записи
     1>Сборка проекта "C:\Users\Администратор\documents\visual studio 2013\Projects\lab 2\lab 2\lab 2.vcxproj" завершена (целевые объекты Build) с ошибкой.

Ошибка сборки.

Затраченное время: 00:00:02.00
